<?xml version="1.0" encoding="UTF-8"?>
<!-- Generated by org.testng.reporters.JUnitXMLReporter -->
<testsuite hostname="DESKTOP-2LN0V42" ignored="1" name="Test" tests="2" failures="0" timestamp="08 Dec 2021 10:16:44 GMT" time="0.039" errors="0">
  <testcase name="tc22" time="0.009" classname="org.sample.Testingconcept"/>
  <testcase name="tc33" time="0.001" classname="org.sample.Testingconcept"/>
  <testcase name="tc11" time="0.0" classname="org.sample.Testingconcept">
    <ignored/>
  </testcase> <!-- tc11 -->
</testsuite> <!-- Test -->
